# JRE version: OpenJDK Runtime Environment Temurin-26.0.1+8 (26.0.1+8) (build 26.0.1+8)
# Java VM: OpenJDK 64-Bit Server VM Temurin-26.0.1+8 (26.0.1+8, mixed mode, sharing, tiered, compressed oops, compressed class ptrs, g1 gc, windows-amd64)
GC Precious Log:
 CardTable entry size: 512
 Card Set container configuration: InlinePtr #cards 4 size 8 Array Of Cards #cards 16 size 48 Howl #buckets 8 coarsen threshold 3686 Howl Bitmap #cards 512 size 80 coarsen threshold 460 Card regions per heap region 1 cards per card region 4096
 CPUs: 12 total, 12 available
 Memory: 15710M
 Large Page Support: Disabled
 NUMA Support: Disabled
 Compressed Oops: Enabled (Zero based)
 Heap Region Size: 2M
 Heap Min Capacity: 8M
 Heap Initial Capacity: 8M
 Heap Max Capacity: 3928M
 Pre-touch: Disabled
 Parallel Workers: 10
 Concurrent Workers: 3
 Concurrent Refinement Workers: 10
 Periodic GC: Disabled
Heap:
 garbage-first heap   total reserved 4022272K, committed 94208K, used 50370K [0x000000070a800000, 0x0000000800000000)
  region size 2M, 7 eden (14M), 3 survivor (6M), 18 old (36M), 0 humongous (0M), 18 free (36M)
GC Heap Usage History (20 events):
Event: 14306.831 {heap Before GC invocations=74 (full 19):
 garbage-first heap   total reserved 4022272K, committed 94208K, used 73486K [0x000000070a800000, 0x0000000800000000)
  region size 2M, 22 eden (44M), 0 survivor (0M), 18 old (36M), 0 humongous (0M), 6 free (12M)
}
Event: 14306.836 {heap After GC invocations=75 (full 19):
 garbage-first heap   total reserved 4022272K, committed 94208K, used 36430K [0x000000070a800000, 0x0000000800000000)
  region size 2M, 0 eden (0M), 3 survivor (6M), 18 old (36M), 0 humongous (0M), 25 free (50M)
}
Event: 14634.825 {heap Before GC invocations=75 (full 19):
 garbage-first heap   total reserved 4022272K, committed 94208K, used 75342K [0x000000070a800000, 0x0000000800000000)
  region size 2M, 19 eden (38M), 3 survivor (6M), 18 old (36M), 0 humongous (0M), 6 free (12M)
}
Event: 14634.842 {heap After GC invocations=76 (full 19):
 garbage-first heap   total reserved 4022272K, committed 94208K, used 37321K [0x000000070a800000, 0x0000000800000000)
  region size 2M, 0 eden (0M), 2 survivor (4M), 21 old (42M), 0 humongous (0M), 23 free (46M)
}
Event: 15187.750 {heap Before GC invocations=76 (full 19):
 garbage-first heap   total reserved 4022272K, committed 94208K, used 65993K [0x000000070a800000, 0x0000000800000000)
  region size 2M, 15 eden (30M), 2 survivor (4M), 21 old (42M), 0 humongous (0M), 8 free (16M)
}
Event: 15187.843 {heap After GC invocations=77 (full 20):
 garbage-first heap   total reserved 4022272K, committed 94208K, used 31526K [0x000000070a800000, 0x0000000800000000)
  region size 2M, 0 eden (0M), 0 survivor (0M), 17 old (34M), 0 humongous (0M), 29 free (58M)
}
Event: 15188.803 {heap Before GC invocations=77 (full 20):
 garbage-first heap   total reserved 4022272K, committed 94208K, used 76582K [0x000000070a800000, 0x0000000800000000)
  region size 2M, 23 eden (46M), 0 survivor (0M), 17 old (34M), 0 humongous (0M), 6 free (12M)
}
Event: 15188.808 {heap After GC invocations=78 (full 20):
 garbage-first heap   total reserved 4022272K, committed 94208K, used 37734K [0x000000070a800000, 0x0000000800000000)
  region size 2M, 0 eden (0M), 3 survivor (6M), 18 old (36M), 0 humongous (0M), 25 free (50M)
}
Event: 15223.230 {heap Before GC invocations=78 (full 20):
 garbage-first heap   total reserved 4022272K, committed 94208K, used 60262K [0x000000070a800000, 0x0000000800000000)
  region size 2M, 12 eden (24M), 3 survivor (6M), 18 old (36M), 0 humongous (0M), 13 free (26M)
}
Event: 15223.343 {heap After GC invocations=79 (full 21):
 garbage-first heap   total reserved 4022272K, committed 94208K, used 31763K [0x000000070a800000, 0x0000000800000000)
  region size 2M, 0 eden (0M), 0 survivor (0M), 18 old (36M), 0 humongous (0M), 28 free (56M)
}
Event: 15224.029 {heap Before GC invocations=79 (full 21):
 garbage-first heap   total reserved 4022272K, committed 94208K, used 74771K [0x000000070a800000, 0x0000000800000000)
  region size 2M, 22 eden (44M), 0 survivor (0M), 18 old (36M), 0 humongous (0M), 6 free (12M)
}
Event: 15224.033 {heap After GC invocations=80 (full 21):
 garbage-first heap   total reserved 4022272K, committed 94208K, used 37864K [0x000000070a800000, 0x0000000800000000)
  region size 2M, 0 eden (0M), 3 survivor (6M), 18 old (36M), 0 humongous (0M), 25 free (50M)
}
Event: 15246.110 {heap Before GC invocations=80 (full 21):
 garbage-first heap   total reserved 4022272K, committed 94208K, used 60392K [0x000000070a800000, 0x0000000800000000)
  region size 2M, 12 eden (24M), 3 survivor (6M), 18 old (36M), 0 humongous (0M), 13 free (26M)
}
Event: 15246.255 {heap After GC invocations=81 (full 22):
 garbage-first heap   total reserved 4022272K, committed 94208K, used 31272K [0x000000070a800000, 0x0000000800000000)
  region size 2M, 0 eden (0M), 0 survivor (0M), 17 old (34M), 0 humongous (0M), 29 free (58M)
}
Event: 15247.038 {heap Before GC invocations=81 (full 22):
 garbage-first heap   total reserved 4022272K, committed 94208K, used 76328K [0x000000070a800000, 0x0000000800000000)
  region size 2M, 22 eden (44M), 0 survivor (0M), 17 old (34M), 0 humongous (0M), 7 free (14M)
}
Event: 15247.042 {heap After GC invocations=82 (full 22):
 garbage-first heap   total reserved 4022272K, committed 94208K, used 37420K [0x000000070a800000, 0x0000000800000000)
  region size 2M, 0 eden (0M), 3 survivor (6M), 18 old (36M), 0 humongous (0M), 25 free (50M)
}
Event: 15459.403 {heap Before GC invocations=82 (full 22):
 garbage-first heap   total reserved 4022272K, committed 94208K, used 72236K [0x000000070a800000, 0x0000000800000000)
  region size 2M, 18 eden (36M), 3 survivor (6M), 18 old (36M), 0 humongous (0M), 7 free (14M)
}
Event: 15459.519 {heap After GC invocations=83 (full 23):
 garbage-first heap   total reserved 4022272K, committed 94208K, used 32117K [0x000000070a800000, 0x0000000800000000)
  region size 2M, 0 eden (0M), 0 survivor (0M), 18 old (36M), 0 humongous (0M), 28 free (56M)
}
Event: 15460.152 {heap Before GC invocations=83 (full 23):
 garbage-first heap   total reserved 4022272K, committed 94208K, used 75125K [0x000000070a800000, 0x0000000800000000)
  region size 2M, 21 eden (42M), 0 survivor (0M), 18 old (36M), 0 humongous (0M), 7 free (14M)
}
Event: 15460.155 {heap After GC invocations=84 (full 23):
 garbage-first heap   total reserved 4022272K, committed 94208K, used 38082K [0x000000070a800000, 0x0000000800000000)
  region size 2M, 0 eden (0M), 3 survivor (6M), 18 old (36M), 0 humongous (0M), 25 free (50M)
}

